<?xml version="1.0" encoding="UTF-8"?>
<coverage generated="1522262494579" clover="3.2.0">
  <project timestamp="1522262494579" name="All files">
    <metrics statements="59" coveredstatements="59" conditionals="0" coveredconditionals="0" methods="9" coveredmethods="9" elements="68" coveredelements="68" complexity="0" loc="59" ncloc="59" packages="2" files="6" classes="6">
      <package name="forum-gql">
        <metrics statements="47" coveredstatements="47" conditionals="0" coveredconditionals="0" methods="7" coveredmethods="7"/>
        <file name="app.js" path="/Users/kamildydo/Projects/express-projs/forum-gql/app.js">
          <metrics statements="21" coveredstatements="21" conditionals="0" coveredconditionals="0" methods="0" coveredmethods="0"/>
          <line num="1" count="1" type="stmt"/>
          <line num="2" count="1" type="stmt"/>
          <line num="4" count="1" type="stmt"/>
          <line num="5" count="1" type="stmt"/>
          <line num="6" count="1" type="stmt"/>
          <line num="7" count="1" type="stmt"/>
          <line num="8" count="1" type="stmt"/>
          <line num="10" count="1" type="stmt"/>
          <line num="11" count="1" type="stmt"/>
          <line num="13" count="1" type="stmt"/>
          <line num="17" count="1" type="stmt"/>
          <line num="18" count="1" type="stmt"/>
          <line num="19" count="1" type="stmt"/>
          <line num="20" count="1" type="stmt"/>
          <line num="21" count="1" type="stmt"/>
          <line num="23" count="1" type="stmt"/>
          <line num="24" count="1" type="stmt"/>
          <line num="25" count="1" type="stmt"/>
          <line num="27" count="1" type="stmt"/>
          <line num="28" count="1" type="stmt"/>
          <line num="30" count="1" type="stmt"/>
        </file>
        <file name="consts.js" path="/Users/kamildydo/Projects/express-projs/forum-gql/consts.js">
          <metrics statements="3" coveredstatements="3" conditionals="0" coveredconditionals="0" methods="0" coveredmethods="0"/>
          <line num="1" count="6" type="stmt"/>
          <line num="2" count="6" type="stmt"/>
          <line num="4" count="6" type="stmt"/>
        </file>
        <file name="resolvers.js" path="/Users/kamildydo/Projects/express-projs/forum-gql/resolvers.js">
          <metrics statements="19" coveredstatements="19" conditionals="0" coveredconditionals="0" methods="7" coveredmethods="7"/>
          <line num="2" count="5" type="stmt"/>
          <line num="3" count="5" type="stmt"/>
          <line num="5" count="5" type="stmt"/>
          <line num="6" count="5" type="stmt"/>
          <line num="7" count="5" type="stmt"/>
          <line num="9" count="5" type="stmt"/>
          <line num="11" count="5" type="stmt"/>
          <line num="13" count="1" type="stmt"/>
          <line num="14" count="2" type="stmt"/>
          <line num="17" count="2" type="stmt"/>
          <line num="20" count="2" type="stmt"/>
          <line num="22" count="2" type="stmt"/>
          <line num="27" count="2" type="stmt"/>
          <line num="28" count="2" type="stmt"/>
          <line num="29" count="2" type="stmt"/>
          <line num="32" count="2" type="stmt"/>
          <line num="34" count="2" type="stmt"/>
          <line num="35" count="2" type="stmt"/>
          <line num="40" count="5" type="stmt"/>
        </file>
        <file name="schema.js" path="/Users/kamildydo/Projects/express-projs/forum-gql/schema.js">
          <metrics statements="4" coveredstatements="4" conditionals="0" coveredconditionals="0" methods="0" coveredmethods="0"/>
          <line num="1" count="4" type="stmt"/>
          <line num="2" count="4" type="stmt"/>
          <line num="4" count="4" type="stmt"/>
          <line num="42" count="4" type="stmt"/>
        </file>
      </package>
      <package name="forum-gql.models">
        <metrics statements="12" coveredstatements="12" conditionals="0" coveredconditionals="0" methods="2" coveredmethods="2"/>
        <file name="post.js" path="/Users/kamildydo/Projects/express-projs/forum-gql/models/post.js">
          <metrics statements="6" coveredstatements="6" conditionals="0" coveredconditionals="0" methods="1" coveredmethods="1"/>
          <line num="1" count="6" type="stmt"/>
          <line num="2" count="6" type="stmt"/>
          <line num="4" count="6" type="stmt"/>
          <line num="11" count="6" type="stmt"/>
          <line num="12" count="16" type="stmt"/>
          <line num="15" count="6" type="stmt"/>
        </file>
        <file name="user.js" path="/Users/kamildydo/Projects/express-projs/forum-gql/models/user.js">
          <metrics statements="6" coveredstatements="6" conditionals="0" coveredconditionals="0" methods="1" coveredmethods="1"/>
          <line num="1" count="6" type="stmt"/>
          <line num="2" count="6" type="stmt"/>
          <line num="4" count="6" type="stmt"/>
          <line num="12" count="6" type="stmt"/>
          <line num="13" count="19" type="stmt"/>
          <line num="16" count="6" type="stmt"/>
        </file>
      </package>
    </metrics>
  </project>
</coverage>
