{"/Users/kamildydo/Projects/express-projs/forum-gql/app.js": {"path":"/Users/kamildydo/Projects/express-projs/forum-gql/app.js","statementMap":{"0":{"start":{"line":1,"column":16},"end":{"line":1,"column":34}},"1":{"start":{"line":2,"column":13},"end":{"line":2,"column":28}},"2":{"start":{"line":4,"column":15},"end":{"line":4,"column":32}},"3":{"start":{"line":5,"column":21},"end":{"line":5,"column":45}},"4":{"start":{"line":6,"column":19},"end":{"line":6,"column":41}},"5":{"start":{"line":7,"column":44},"end":{"line":7,"column":76}},"6":{"start":{"line":8,"column":17},"end":{"line":8,"column":36}},"7":{"start":{"line":10,"column":15},"end":{"line":10,"column":34}},"8":{"start":{"line":12,"column":12},"end":{"line":12,"column":21}},"9":{"start":{"line":16,"column":0},"end":{"line":16,"column":22}},"10":{"start":{"line":17,"column":0},"end":{"line":17,"column":26}},"11":{"start":{"line":18,"column":0},"end":{"line":18,"column":51}},"12":{"start":{"line":19,"column":0},"end":{"line":19,"column":23}},"13":{"start":{"line":20,"column":0},"end":{"line":20,"column":55}},"14":{"start":{"line":22,"column":0},"end":{"line":22,"column":49}},"15":{"start":{"line":23,"column":11},"end":{"line":23,"column":30}},"16":{"start":{"line":24,"column":0},"end":{"line":24,"column":72}},"17":{"start":{"line":26,"column":0},"end":{"line":26,"column":66}},"18":{"start":{"line":27,"column":0},"end":{"line":27,"column":66}},"19":{"start":{"line":29,"column":0},"end":{"line":29,"column":20}}},"fnMap":{},"branchMap":{},"s":{"0":1,"1":1,"2":1,"3":1,"4":1,"5":1,"6":1,"7":1,"8":1,"9":1,"10":1,"11":1,"12":1,"13":1,"14":1,"15":1,"16":1,"17":1,"18":1,"19":1},"f":{},"b":{},"_coverageSchema":"332fd63041d2c1bcb487cc26dd0d5f7d97098a6c","hash":"092fb0a184f5778a4aef0d43fc96ecc949283f67"}
,"/Users/kamildydo/Projects/express-projs/forum-gql/consts.js": {"path":"/Users/kamildydo/Projects/express-projs/forum-gql/consts.js","statementMap":{"0":{"start":{"line":1,"column":17},"end":{"line":1,"column":48}},"1":{"start":{"line":2,"column":22},"end":{"line":2,"column":53}},"2":{"start":{"line":4,"column":0},"end":{"line":4,"column":44}}},"fnMap":{},"branchMap":{},"s":{"0":6,"1":6,"2":6},"f":{},"b":{},"_coverageSchema":"332fd63041d2c1bcb487cc26dd0d5f7d97098a6c","hash":"4c55790c698fba225c5bd637302e1aac3f2b6eab"}
,"/Users/kamildydo/Projects/express-projs/forum-gql/resolvers.js": {"path":"/Users/kamildydo/Projects/express-projs/forum-gql/resolvers.js","statementMap":{"0":{"start":{"line":1,"column":14},"end":{"line":1,"column":30}},"1":{"start":{"line":3,"column":21},"end":{"line":3,"column":40}},"2":{"start":{"line":5,"column":18},"end":{"line":19,"column":1}},"3":{"start":{"line":7,"column":18},"end":{"line":7,"column":38}},"4":{"start":{"line":8,"column":17},"end":{"line":8,"column":69}},"5":{"start":{"line":8,"column":60},"end":{"line":8,"column":68}},"6":{"start":{"line":10,"column":6},"end":{"line":10,"column":72}},"7":{"start":{"line":10,"column":63},"end":{"line":10,"column":71}},"8":{"start":{"line":11,"column":17},"end":{"line":11,"column":69}},"9":{"start":{"line":11,"column":60},"end":{"line":11,"column":68}},"10":{"start":{"line":13,"column":6},"end":{"line":13,"column":72}},"11":{"start":{"line":13,"column":63},"end":{"line":13,"column":71}},"12":{"start":{"line":17,"column":6},"end":{"line":17,"column":65}},"13":{"start":{"line":17,"column":56},"end":{"line":17,"column":64}},"14":{"start":{"line":21,"column":0},"end":{"line":21,"column":26}}},"fnMap":{"0":{"name":"(anonymous_0)","decl":{"start":{"line":7,"column":12},"end":{"line":7,"column":13}},"loc":{"start":{"line":7,"column":18},"end":{"line":7,"column":38}},"line":7},"1":{"name":"(anonymous_1)","decl":{"start":{"line":8,"column":11},"end":{"line":8,"column":12}},"loc":{"start":{"line":8,"column":17},"end":{"line":8,"column":69}},"line":8},"2":{"name":"(anonymous_2)","decl":{"start":{"line":8,"column":53},"end":{"line":8,"column":54}},"loc":{"start":{"line":8,"column":60},"end":{"line":8,"column":68}},"line":8},"3":{"name":"(anonymous_3)","decl":{"start":{"line":9,"column":10},"end":{"line":9,"column":11}},"loc":{"start":{"line":10,"column":6},"end":{"line":10,"column":72}},"line":10},"4":{"name":"(anonymous_4)","decl":{"start":{"line":10,"column":56},"end":{"line":10,"column":57}},"loc":{"start":{"line":10,"column":63},"end":{"line":10,"column":71}},"line":10},"5":{"name":"(anonymous_5)","decl":{"start":{"line":11,"column":11},"end":{"line":11,"column":12}},"loc":{"start":{"line":11,"column":17},"end":{"line":11,"column":69}},"line":11},"6":{"name":"(anonymous_6)","decl":{"start":{"line":11,"column":53},"end":{"line":11,"column":54}},"loc":{"start":{"line":11,"column":60},"end":{"line":11,"column":68}},"line":11},"7":{"name":"(anonymous_7)","decl":{"start":{"line":12,"column":10},"end":{"line":12,"column":11}},"loc":{"start":{"line":13,"column":6},"end":{"line":13,"column":72}},"line":13},"8":{"name":"(anonymous_8)","decl":{"start":{"line":13,"column":56},"end":{"line":13,"column":57}},"loc":{"start":{"line":13,"column":63},"end":{"line":13,"column":71}},"line":13},"9":{"name":"(anonymous_9)","decl":{"start":{"line":16,"column":16},"end":{"line":16,"column":17}},"loc":{"start":{"line":17,"column":6},"end":{"line":17,"column":65}},"line":17},"10":{"name":"(anonymous_10)","decl":{"start":{"line":17,"column":49},"end":{"line":17,"column":50}},"loc":{"start":{"line":17,"column":56},"end":{"line":17,"column":64}},"line":17}},"branchMap":{},"s":{"0":5,"1":5,"2":5,"3":1,"4":2,"5":2,"6":2,"7":2,"8":2,"9":2,"10":2,"11":2,"12":2,"13":2,"14":5},"f":{"0":1,"1":2,"2":2,"3":2,"4":2,"5":2,"6":2,"7":2,"8":2,"9":2,"10":2},"b":{},"_coverageSchema":"332fd63041d2c1bcb487cc26dd0d5f7d97098a6c","hash":"52358f63610ef9c21828877f8b489d227ab6b594"}
,"/Users/kamildydo/Projects/express-projs/forum-gql/schema.js": {"path":"/Users/kamildydo/Projects/express-projs/forum-gql/schema.js","statementMap":{"0":{"start":{"line":1,"column":33},"end":{"line":1,"column":57}},"1":{"start":{"line":2,"column":18},"end":{"line":2,"column":40}},"2":{"start":{"line":4,"column":17},"end":{"line":33,"column":1}},"3":{"start":{"line":35,"column":0},"end":{"line":35,"column":62}}},"fnMap":{},"branchMap":{},"s":{"0":3,"1":3,"2":3,"3":3},"f":{},"b":{},"_coverageSchema":"332fd63041d2c1bcb487cc26dd0d5f7d97098a6c","hash":"92853aab4e69b6291fcbad05e974cd03809df788"}
,"/Users/kamildydo/Projects/express-projs/forum-gql/models/post.js": {"path":"/Users/kamildydo/Projects/express-projs/forum-gql/models/post.js","statementMap":{"0":{"start":{"line":1,"column":17},"end":{"line":1,"column":36}},"1":{"start":{"line":2,"column":15},"end":{"line":2,"column":30}},"2":{"start":{"line":4,"column":19},"end":{"line":9,"column":2}},"3":{"start":{"line":11,"column":0},"end":{"line":13,"column":1}},"4":{"start":{"line":12,"column":2},"end":{"line":12,"column":28}},"5":{"start":{"line":15,"column":0},"end":{"line":15,"column":51}}},"fnMap":{"0":{"name":"(anonymous_0)","decl":{"start":{"line":11,"column":33},"end":{"line":11,"column":34}},"loc":{"start":{"line":11,"column":47},"end":{"line":13,"column":1}},"line":11}},"branchMap":{},"s":{"0":1,"1":1,"2":1,"3":1,"4":3,"5":1},"f":{"0":3},"b":{},"_coverageSchema":"332fd63041d2c1bcb487cc26dd0d5f7d97098a6c","hash":"2da3712ce81b4a556b507fffbbf8ba87a626ab4f"}
,"/Users/kamildydo/Projects/express-projs/forum-gql/models/user.js": {"path":"/Users/kamildydo/Projects/express-projs/forum-gql/models/user.js","statementMap":{"0":{"start":{"line":1,"column":17},"end":{"line":1,"column":36}},"1":{"start":{"line":2,"column":15},"end":{"line":2,"column":30}},"2":{"start":{"line":4,"column":19},"end":{"line":10,"column":2}},"3":{"start":{"line":12,"column":0},"end":{"line":14,"column":1}},"4":{"start":{"line":13,"column":2},"end":{"line":13,"column":28}},"5":{"start":{"line":16,"column":0},"end":{"line":16,"column":51}}},"fnMap":{"0":{"name":"(anonymous_0)","decl":{"start":{"line":12,"column":33},"end":{"line":12,"column":34}},"loc":{"start":{"line":12,"column":47},"end":{"line":14,"column":1}},"line":12}},"branchMap":{},"s":{"0":1,"1":1,"2":1,"3":1,"4":2,"5":1},"f":{"0":2},"b":{},"_coverageSchema":"332fd63041d2c1bcb487cc26dd0d5f7d97098a6c","hash":"a089f4dc54c9285daee83879b952fc8fde748c99"}
}
