TN:
SF:/Users/kamildydo/Projects/express-projs/forum-gql/app.js
FNF:0
FNH:0
DA:1,1
DA:2,1
DA:4,1
DA:5,1
DA:6,1
DA:7,1
DA:8,1
DA:10,1
DA:12,1
DA:16,1
DA:17,1
DA:18,1
DA:19,1
DA:20,1
DA:22,1
DA:23,1
DA:24,1
DA:26,1
DA:27,1
DA:29,1
LF:20
LH:20
BRF:0
BRH:0
end_of_record
TN:
SF:/Users/kamildydo/Projects/express-projs/forum-gql/consts.js
FNF:0
FNH:0
DA:1,6
DA:2,6
DA:4,6
LF:3
LH:3
BRF:0
BRH:0
end_of_record
TN:
SF:/Users/kamildydo/Projects/express-projs/forum-gql/resolvers.js
FN:13,(anonymous_0)
FN:14,(anonymous_1)
FN:15,(anonymous_2)
FN:20,(anonymous_3)
FN:21,(anonymous_4)
FN:26,(anonymous_5)
FN:31,(anonymous_6)
FNF:7
FNH:7
FNDA:1,(anonymous_0)
FNDA:2,(anonymous_1)
FNDA:2,(anonymous_2)
FNDA:2,(anonymous_3)
FNDA:2,(anonymous_4)
FNDA:2,(anonymous_5)
FNDA:2,(anonymous_6)
DA:2,5
DA:3,5
DA:5,5
DA:6,5
DA:7,5
DA:9,5
DA:11,5
DA:13,1
DA:14,2
DA:17,2
DA:20,2
DA:22,2
DA:27,2
DA:28,2
DA:29,2
DA:32,2
DA:34,2
DA:35,2
DA:40,5
LF:19
LH:19
BRF:0
BRH:0
end_of_record
TN:
SF:/Users/kamildydo/Projects/express-projs/forum-gql/schema.js
FNF:0
FNH:0
DA:1,4
DA:2,4
DA:4,4
DA:36,4
LF:4
LH:4
BRF:0
BRH:0
end_of_record
TN:
SF:/Users/kamildydo/Projects/express-projs/forum-gql/models/post.js
FN:11,(anonymous_0)
FNF:1
FNH:1
FNDA:16,(anonymous_0)
DA:1,6
DA:2,6
DA:4,6
DA:11,6
DA:12,16
DA:15,6
LF:6
LH:6
BRF:0
BRH:0
end_of_record
TN:
SF:/Users/kamildydo/Projects/express-projs/forum-gql/models/user.js
FN:12,(anonymous_0)
FNF:1
FNH:1
FNDA:19,(anonymous_0)
DA:1,6
DA:2,6
DA:4,6
DA:12,6
DA:13,19
DA:16,6
LF:6
LH:6
BRF:0
BRH:0
end_of_record
