TN:
SF:/Users/kamildydo/Projects/express-projs/forum-gql/app.js
FNF:0
FNH:0
DA:1,1
DA:2,1
DA:4,1
DA:5,1
DA:6,1
DA:7,1
DA:8,1
DA:10,1
DA:12,1
DA:16,1
DA:17,1
DA:18,1
DA:19,1
DA:20,1
DA:22,1
DA:23,1
DA:24,1
DA:26,1
DA:27,1
DA:29,1
LF:20
LH:20
BRF:0
BRH:0
end_of_record
TN:
SF:/Users/kamildydo/Projects/express-projs/forum-gql/consts.js
FNF:0
FNH:0
DA:1,6
DA:2,6
DA:4,6
LF:3
LH:3
BRF:0
BRH:0
end_of_record
TN:
SF:/Users/kamildydo/Projects/express-projs/forum-gql/resolvers.js
FN:7,(anonymous_0)
FN:8,(anonymous_1)
FN:8,(anonymous_2)
FN:9,(anonymous_3)
FN:10,(anonymous_4)
FN:11,(anonymous_5)
FN:11,(anonymous_6)
FN:12,(anonymous_7)
FN:13,(anonymous_8)
FN:16,(anonymous_9)
FN:17,(anonymous_10)
FNF:11
FNH:11
FNDA:1,(anonymous_0)
FNDA:2,(anonymous_1)
FNDA:2,(anonymous_2)
FNDA:2,(anonymous_3)
FNDA:2,(anonymous_4)
FNDA:2,(anonymous_5)
FNDA:2,(anonymous_6)
FNDA:2,(anonymous_7)
FNDA:2,(anonymous_8)
FNDA:2,(anonymous_9)
FNDA:2,(anonymous_10)
DA:1,5
DA:3,5
DA:5,5
DA:7,1
DA:8,2
DA:10,2
DA:11,2
DA:13,2
DA:17,2
DA:21,5
LF:10
LH:10
BRF:0
BRH:0
end_of_record
TN:
SF:/Users/kamildydo/Projects/express-projs/forum-gql/schema.js
FNF:0
FNH:0
DA:1,3
DA:2,3
DA:4,3
DA:35,3
LF:4
LH:4
BRF:0
BRH:0
end_of_record
TN:
SF:/Users/kamildydo/Projects/express-projs/forum-gql/models/post.js
FN:11,(anonymous_0)
FNF:1
FNH:1
FNDA:3,(anonymous_0)
DA:1,1
DA:2,1
DA:4,1
DA:11,1
DA:12,3
DA:15,1
LF:6
LH:6
BRF:0
BRH:0
end_of_record
TN:
SF:/Users/kamildydo/Projects/express-projs/forum-gql/models/user.js
FN:12,(anonymous_0)
FNF:1
FNH:1
FNDA:2,(anonymous_0)
DA:1,1
DA:2,1
DA:4,1
DA:12,1
DA:13,2
DA:16,1
LF:6
LH:6
BRF:0
BRH:0
end_of_record
